# JRE version: Java(TM) SE Runtime Environment (8.0_221-b11) (build 1.8.0_221-b11)
# Java VM: Java HotSpot(TM) 64-Bit Server VM (25.221-b11 mixed mode windows-amd64 compressed oops)
Heap:
 PSYoungGen      total 577536K, used 56845K [0x00000000d5f80000, 0x00000000ffa80000, 0x0000000100000000)
  eden space 473600K, 0% used [0x00000000d5f80000,0x00000000d5f80000,0x00000000f2e00000)
  from space 103936K, 54% used [0x00000000f2e00000,0x00000000f6583710,0x00000000f9380000)
  to   space 102912K, 0% used [0x00000000f9600000,0x00000000f9600000,0x00000000ffa80000)
 ParOldGen       total 1330176K, used 1073583K [0x0000000081e00000, 0x00000000d3100000, 0x00000000d5f80000)
  object space 1330176K, 80% used [0x0000000081e00000,0x00000000c366bd88,0x00000000d3100000)
 Metaspace       used 1390124K, capacity 1404728K, committed 1404928K, reserved 2254848K
  class space    used 195728K, capacity 198831K, committed 198912K, reserved 1048576K
GC Heap History (10 events):
Event: 64321.363 GC heap after
Heap after GC invocations=710 (full 77):
 PSYoungGen      total 572416K, used 46635K [0x00000000d5f80000, 0x00000000ffe80000, 0x0000000100000000)
  eden space 466432K, 0% used [0x00000000d5f80000,0x00000000d5f80000,0x00000000f2700000)
  from space 105984K, 44% used [0x00000000f2700000,0x00000000f548af68,0x00000000f8e80000)
  to   space 106496K, 0% used [0x00000000f9680000,0x00000000f9680000,0x00000000ffe80000)
 ParOldGen       total 1330176K, used 1073503K [0x0000000081e00000, 0x00000000d3100000, 0x00000000d5f80000)
  object space 1330176K, 80% used [0x0000000081e00000,0x00000000c3657d60,0x00000000d3100000)
 Metaspace       used 1377040K, capacity 1391360K, committed 1391872K, reserved 2244608K
  class space    used 193727K, capacity 196772K, committed 196864K, reserved 1048576K
}
Event: 64327.560 GC heap before
{Heap before GC invocations=711 (full 77):
 PSYoungGen      total 572416K, used 513067K [0x00000000d5f80000, 0x00000000ffe80000, 0x0000000100000000)
  eden space 466432K, 100% used [0x00000000d5f80000,0x00000000f2700000,0x00000000f2700000)
  from space 105984K, 44% used [0x00000000f2700000,0x00000000f548af68,0x00000000f8e80000)
  to   space 106496K, 0% used [0x00000000f9680000,0x00000000f9680000,0x00000000ffe80000)
 ParOldGen       total 1330176K, used 1073503K [0x0000000081e00000, 0x00000000d3100000, 0x00000000d5f80000)
  object space 1330176K, 80% used [0x0000000081e00000,0x00000000c3657d60,0x00000000d3100000)
 Metaspace       used 1380686K, capacity 1395088K, committed 1395456K, reserved 2246656K
  class space    used 194263K, capacity 197323K, committed 197376K, reserved 1048576K
Event: 64327.612 GC heap after
Heap after GC invocations=711 (full 77):
 PSYoungGen      total 569344K, used 67013K [0x00000000d5f80000, 0x00000000ff500000, 0x0000000100000000)
  eden space 472576K, 0% used [0x00000000d5f80000,0x00000000d5f80000,0x00000000f2d00000)
  from space 96768K, 69% used [0x00000000f9680000,0x00000000fd7f14c8,0x00000000ff500000)
  to   space 102400K, 0% used [0x00000000f2d00000,0x00000000f2d00000,0x00000000f9100000)
 ParOldGen       total 1330176K, used 1073503K [0x0000000081e00000, 0x00000000d3100000, 0x00000000d5f80000)
  object space 1330176K, 80% used [0x0000000081e00000,0x00000000c3657d60,0x00000000d3100000)
 Metaspace       used 1380686K, capacity 1395088K, committed 1395456K, reserved 2246656K
  class space    used 194263K, capacity 197323K, committed 197376K, reserved 1048576K
}
Event: 64334.469 GC heap before
{Heap before GC invocations=712 (full 77):
 PSYoungGen      total 569344K, used 539589K [0x00000000d5f80000, 0x00000000ff500000, 0x0000000100000000)
  eden space 472576K, 100% used [0x00000000d5f80000,0x00000000f2d00000,0x00000000f2d00000)
  from space 96768K, 69% used [0x00000000f9680000,0x00000000fd7f14c8,0x00000000ff500000)
  to   space 102400K, 0% used [0x00000000f2d00000,0x00000000f2d00000,0x00000000f9100000)
 ParOldGen       total 1330176K, used 1073503K [0x0000000081e00000, 0x00000000d3100000, 0x00000000d5f80000)
  object space 1330176K, 80% used [0x0000000081e00000,0x00000000c3657d60,0x00000000d3100000)
 Metaspace       used 1381676K, capacity 1396156K, committed 1396608K, reserved 2248704K
  class space    used 194316K, capacity 197405K, committed 197504K, reserved 1048576K
Event: 64334.542 GC heap after
Heap after GC invocations=712 (full 77):
 PSYoungGen      total 574976K, used 67938K [0x00000000d5f80000, 0x00000000ff480000, 0x0000000100000000)
  eden space 472576K, 0% used [0x00000000d5f80000,0x00000000d5f80000,0x00000000f2d00000)
  from space 102400K, 66% used [0x00000000f2d00000,0x00000000f6f588c8,0x00000000f9100000)
  to   space 99328K, 0% used [0x00000000f9380000,0x00000000f9380000,0x00000000ff480000)
 ParOldGen       total 1330176K, used 1073503K [0x0000000081e00000, 0x00000000d3100000, 0x00000000d5f80000)
  object space 1330176K, 80% used [0x0000000081e00000,0x00000000c3657d60,0x00000000d3100000)
 Metaspace       used 1381676K, capacity 1396156K, committed 1396608K, reserved 2248704K
  class space    used 194316K, capacity 197405K, committed 197504K, reserved 1048576K
}
Event: 64346.284 GC heap before
{Heap before GC invocations=713 (full 77):
 PSYoungGen      total 574976K, used 540514K [0x00000000d5f80000, 0x00000000ff480000, 0x0000000100000000)
  eden space 472576K, 100% used [0x00000000d5f80000,0x00000000f2d00000,0x00000000f2d00000)
  from space 102400K, 66% used [0x00000000f2d00000,0x00000000f6f588c8,0x00000000f9100000)
  to   space 99328K, 0% used [0x00000000f9380000,0x00000000f9380000,0x00000000ff480000)
 ParOldGen       total 1330176K, used 1073503K [0x0000000081e00000, 0x00000000d3100000, 0x00000000d5f80000)
  object space 1330176K, 80% used [0x0000000081e00000,0x00000000c3657d60,0x00000000d3100000)
 Metaspace       used 1388610K, capacity 1403024K, committed 1403392K, reserved 2254848K
  class space    used 195555K, capacity 198625K, committed 198656K, reserved 1048576K
Event: 64346.352 GC heap after
Heap after GC invocations=713 (full 77):
 PSYoungGen      total 572928K, used 88598K [0x00000000d5f80000, 0x00000000ffc80000, 0x0000000100000000)
  eden space 473600K, 0% used [0x00000000d5f80000,0x00000000d5f80000,0x00000000f2e00000)
  from space 99328K, 89% used [0x00000000f9380000,0x00000000fea05908,0x00000000ff480000)
  to   space 103936K, 0% used [0x00000000f2e00000,0x00000000f2e00000,0x00000000f9380000)
 ParOldGen       total 1330176K, used 1073503K [0x0000000081e00000, 0x00000000d3100000, 0x00000000d5f80000)
  object space 1330176K, 80% used [0x0000000081e00000,0x00000000c3657d60,0x00000000d3100000)
 Metaspace       used 1388610K, capacity 1403024K, committed 1403392K, reserved 2254848K
  class space    used 195555K, capacity 198625K, committed 198656K, reserved 1048576K
}
Event: 65136.438 GC heap before
{Heap before GC invocations=714 (full 77):
 PSYoungGen      total 572928K, used 460722K [0x00000000d5f80000, 0x00000000ffc80000, 0x0000000100000000)
  eden space 473600K, 78% used [0x00000000d5f80000,0x00000000ecae7100,0x00000000f2e00000)
  from space 99328K, 89% used [0x00000000f9380000,0x00000000fea05908,0x00000000ff480000)
  to   space 103936K, 0% used [0x00000000f2e00000,0x00000000f2e00000,0x00000000f9380000)
 ParOldGen       total 1330176K, used 1073503K [0x0000000081e00000, 0x00000000d3100000, 0x00000000d5f80000)
  object space 1330176K, 80% used [0x0000000081e00000,0x00000000c3657d60,0x00000000d3100000)
 Metaspace       used 1390124K, capacity 1404728K, committed 1404928K, reserved 2254848K
  class space    used 195728K, capacity 198831K, committed 198912K, reserved 1048576K
Event: 65136.509 GC heap after
Heap after GC invocations=714 (full 77):
 PSYoungGen      total 577536K, used 56845K [0x00000000d5f80000, 0x00000000ffa80000, 0x0000000100000000)
  eden space 473600K, 0% used [0x00000000d5f80000,0x00000000d5f80000,0x00000000f2e00000)
  from space 103936K, 54% used [0x00000000f2e00000,0x00000000f6583710,0x00000000f9380000)
  to   space 102912K, 0% used [0x00000000f9600000,0x00000000f9600000,0x00000000ffa80000)
 ParOldGen       total 1330176K, used 1073583K [0x0000000081e00000, 0x00000000d3100000, 0x00000000d5f80000)
  object space 1330176K, 80% used [0x0000000081e00000,0x00000000c366bd88,0x00000000d3100000)
 Metaspace       used 1390124K, capacity 1404728K, committed 1404928K, reserved 2254848K
  class space    used 195728K, capacity 198831K, committed 198912K, reserved 1048576K
}
Event: 65136.509 GC heap before
{Heap before GC invocations=715 (full 78):
 PSYoungGen      total 577536K, used 56845K [0x00000000d5f80000, 0x00000000ffa80000, 0x0000000100000000)
  eden space 473600K, 0% used [0x00000000d5f80000,0x00000000d5f80000,0x00000000f2e00000)
  from space 103936K, 54% used [0x00000000f2e00000,0x00000000f6583710,0x00000000f9380000)
  to   space 102912K, 0% used [0x00000000f9600000,0x00000000f9600000,0x00000000ffa80000)
 ParOldGen       total 1330176K, used 1073583K [0x0000000081e00000, 0x00000000d3100000, 0x00000000d5f80000)
  object space 1330176K, 80% used [0x0000000081e00000,0x00000000c366bd88,0x00000000d3100000)
 Metaspace       used 1390124K, capacity 1404728K, committed 1404928K, reserved 2254848K
  class space    used 195728K, capacity 198831K, committed 198912K, reserved 1048576K

