# JRE version: Java(TM) SE Runtime Environment (8.0_221-b11) (build 1.8.0_221-b11)
# Java VM: Java HotSpot(TM) 64-Bit Server VM (25.221-b11 mixed mode windows-amd64 compressed oops)
Heap:
 PSYoungGen      total 566784K, used 566407K [0x00000000d5f80000, 0x0000000100000000, 0x0000000100000000)
  eden space 492032K, 100% used [0x00000000d5f80000,0x00000000f4000000,0x00000000f4000000)
  from space 74752K, 99% used [0x00000000f4000000,0x00000000f88a1f58,0x00000000f8900000)
  to   space 98816K, 53% used [0x00000000f9f80000,0x00000000fd34b208,0x0000000100000000)
 ParOldGen       total 578048K, used 502343K [0x0000000081e00000, 0x00000000a5280000, 0x00000000d5f80000)
  object space 578048K, 86% used [0x0000000081e00000,0x00000000a0891c20,0x00000000a5280000)
 Metaspace       used 647728K, capacity 655352K, committed 657280K, reserved 1615872K
  class space    used 89485K, capacity 91100K, committed 91520K, reserved 1048576K
GC Heap History (10 events):
Event: 19355.184 GC heap after
Heap after GC invocations=303 (full 34):
 PSYoungGen      total 585216K, used 73602K [0x00000000d5f80000, 0x0000000100000000, 0x0000000100000000)
  eden space 488960K, 0% used [0x00000000d5f80000,0x00000000d5f80000,0x00000000f3d00000)
  from space 96256K, 76% used [0x00000000f3d00000,0x00000000f84e08a0,0x00000000f9b00000)
  to   space 97792K, 0% used [0x00000000fa080000,0x00000000fa080000,0x0000000100000000)
 ParOldGen       total 578048K, used 502262K [0x0000000081e00000, 0x00000000a5280000, 0x00000000d5f80000)
  object space 578048K, 86% used [0x0000000081e00000,0x00000000a087dbf8,0x00000000a5280000)
 Metaspace       used 627574K, capacity 634962K, committed 641408K, reserved 1601536K
  class space    used 86624K, capacity 88168K, committed 89216K, reserved 1048576K
}
Event: 19361.398 GC heap before
{Heap before GC invocations=304 (full 34):
 PSYoungGen      total 585216K, used 562562K [0x00000000d5f80000, 0x0000000100000000, 0x0000000100000000)
  eden space 488960K, 100% used [0x00000000d5f80000,0x00000000f3d00000,0x00000000f3d00000)
  from space 96256K, 76% used [0x00000000f3d00000,0x00000000f84e08a0,0x00000000f9b00000)
  to   space 97792K, 0% used [0x00000000fa080000,0x00000000fa080000,0x0000000100000000)
 ParOldGen       total 578048K, used 502262K [0x0000000081e00000, 0x00000000a5280000, 0x00000000d5f80000)
  object space 578048K, 86% used [0x0000000081e00000,0x00000000a087dbf8,0x00000000a5280000)
 Metaspace       used 633771K, capacity 641222K, committed 643456K, reserved 1603584K
  class space    used 87268K, capacity 88820K, committed 89216K, reserved 1048576K
Event: 19361.439 GC heap after
Heap after GC invocations=304 (full 34):
 PSYoungGen      total 588800K, used 54432K [0x00000000d5f80000, 0x00000000ffc80000, 0x0000000100000000)
  eden space 494592K, 0% used [0x00000000d5f80000,0x00000000d5f80000,0x00000000f4280000)
  from space 94208K, 57% used [0x00000000fa080000,0x00000000fd5a80f0,0x00000000ffc80000)
  to   space 95232K, 0% used [0x00000000f4280000,0x00000000f4280000,0x00000000f9f80000)
 ParOldGen       total 578048K, used 502327K [0x0000000081e00000, 0x00000000a5280000, 0x00000000d5f80000)
  object space 578048K, 86% used [0x0000000081e00000,0x00000000a088dc08,0x00000000a5280000)
 Metaspace       used 633771K, capacity 641222K, committed 643456K, reserved 1603584K
  class space    used 87268K, capacity 88820K, committed 89216K, reserved 1048576K
}
Event: 19364.468 GC heap before
{Heap before GC invocations=305 (full 34):
 PSYoungGen      total 588800K, used 549024K [0x00000000d5f80000, 0x00000000ffc80000, 0x0000000100000000)
  eden space 494592K, 100% used [0x00000000d5f80000,0x00000000f4280000,0x00000000f4280000)
  from space 94208K, 57% used [0x00000000fa080000,0x00000000fd5a80f0,0x00000000ffc80000)
  to   space 95232K, 0% used [0x00000000f4280000,0x00000000f4280000,0x00000000f9f80000)
 ParOldGen       total 578048K, used 502327K [0x0000000081e00000, 0x00000000a5280000, 0x00000000d5f80000)
  object space 578048K, 86% used [0x0000000081e00000,0x00000000a088dc08,0x00000000a5280000)
 Metaspace       used 638340K, capacity 645836K, committed 647936K, reserved 1607680K
  class space    used 88067K, capacity 89652K, committed 90112K, reserved 1048576K
Event: 19364.507 GC heap after
Heap after GC invocations=305 (full 34):
 PSYoungGen      total 589824K, used 50713K [0x00000000d5f80000, 0x00000000ffe00000, 0x0000000100000000)
  eden space 494592K, 0% used [0x00000000d5f80000,0x00000000d5f80000,0x00000000f4280000)
  from space 95232K, 53% used [0x00000000f4280000,0x00000000f7406608,0x00000000f9f80000)
  to   space 93696K, 0% used [0x00000000fa280000,0x00000000fa280000,0x00000000ffe00000)
 ParOldGen       total 578048K, used 502327K [0x0000000081e00000, 0x00000000a5280000, 0x00000000d5f80000)
  object space 578048K, 86% used [0x0000000081e00000,0x00000000a088dc08,0x00000000a5280000)
 Metaspace       used 638340K, capacity 645836K, committed 647936K, reserved 1607680K
  class space    used 88067K, capacity 89652K, committed 90112K, reserved 1048576K
}
Event: 19368.212 GC heap before
{Heap before GC invocations=306 (full 34):
 PSYoungGen      total 589824K, used 545305K [0x00000000d5f80000, 0x00000000ffe00000, 0x0000000100000000)
  eden space 494592K, 100% used [0x00000000d5f80000,0x00000000f4280000,0x00000000f4280000)
  from space 95232K, 53% used [0x00000000f4280000,0x00000000f7406608,0x00000000f9f80000)
  to   space 93696K, 0% used [0x00000000fa280000,0x00000000fa280000,0x00000000ffe00000)
 ParOldGen       total 578048K, used 502327K [0x0000000081e00000, 0x00000000a5280000, 0x00000000d5f80000)
  object space 578048K, 86% used [0x0000000081e00000,0x00000000a088dc08,0x00000000a5280000)
 Metaspace       used 639191K, capacity 646746K, committed 648704K, reserved 1607680K
  class space    used 88125K, capacity 89729K, committed 90112K, reserved 1048576K
Event: 19368.273 GC heap after
Heap after GC invocations=306 (full 34):
 PSYoungGen      total 585728K, used 80882K [0x00000000d5f80000, 0x0000000100000000, 0x0000000100000000)
  eden space 492032K, 0% used [0x00000000d5f80000,0x00000000d5f80000,0x00000000f4000000)
  from space 93696K, 86% used [0x00000000fa280000,0x00000000ff17c8d0,0x00000000ffe00000)
  to   space 98304K, 0% used [0x00000000f4000000,0x00000000f4000000,0x00000000fa000000)
 ParOldGen       total 578048K, used 502327K [0x0000000081e00000, 0x00000000a5280000, 0x00000000d5f80000)
  object space 578048K, 86% used [0x0000000081e00000,0x00000000a088dc08,0x00000000a5280000)
 Metaspace       used 639191K, capacity 646746K, committed 648704K, reserved 1607680K
  class space    used 88125K, capacity 89729K, committed 90112K, reserved 1048576K
}
Event: 19377.746 GC heap before
{Heap before GC invocations=307 (full 34):
 PSYoungGen      total 585728K, used 572914K [0x00000000d5f80000, 0x0000000100000000, 0x0000000100000000)
  eden space 492032K, 100% used [0x00000000d5f80000,0x00000000f4000000,0x00000000f4000000)
  from space 93696K, 86% used [0x00000000fa280000,0x00000000ff17c8d0,0x00000000ffe00000)
  to   space 98304K, 0% used [0x00000000f4000000,0x00000000f4000000,0x00000000fa000000)
 ParOldGen       total 578048K, used 502327K [0x0000000081e00000, 0x00000000a5280000, 0x00000000d5f80000)
  object space 578048K, 86% used [0x0000000081e00000,0x00000000a088dc08,0x00000000a5280000)
 Metaspace       used 646084K, capacity 653684K, committed 655488K, reserved 1613824K
  class space    used 89329K, capacity 90934K, committed 91264K, reserved 1048576K
Event: 19377.800 GC heap after
Heap after GC invocations=307 (full 34):
 PSYoungGen      total 566784K, used 74375K [0x00000000d5f80000, 0x0000000100000000, 0x0000000100000000)
  eden space 492032K, 0% used [0x00000000d5f80000,0x00000000d5f80000,0x00000000f4000000)
  from space 74752K, 99% used [0x00000000f4000000,0x00000000f88a1f58,0x00000000f8900000)
  to   space 98816K, 0% used [0x00000000f9f80000,0x00000000f9f80000,0x0000000100000000)
 ParOldGen       total 578048K, used 502327K [0x0000000081e00000, 0x00000000a5280000, 0x00000000d5f80000)
  object space 578048K, 86% used [0x0000000081e00000,0x00000000a088dc08,0x00000000a5280000)
 Metaspace       used 646084K, capacity 653684K, committed 655488K, reserved 1613824K
  class space    used 89329K, capacity 90934K, committed 91264K, reserved 1048576K
}
Event: 19455.374 GC heap before
{Heap before GC invocations=308 (full 34):
 PSYoungGen      total 566784K, used 566407K [0x00000000d5f80000, 0x0000000100000000, 0x0000000100000000)
  eden space 492032K, 100% used [0x00000000d5f80000,0x00000000f4000000,0x00000000f4000000)
  from space 74752K, 99% used [0x00000000f4000000,0x00000000f88a1f58,0x00000000f8900000)
  to   space 98816K, 0% used [0x00000000f9f80000,0x00000000f9f80000,0x0000000100000000)
 ParOldGen       total 578048K, used 502327K [0x0000000081e00000, 0x00000000a5280000, 0x00000000d5f80000)
  object space 578048K, 86% used [0x0000000081e00000,0x00000000a088dc08,0x00000000a5280000)
 Metaspace       used 647728K, capacity 655352K, committed 657280K, reserved 1615872K
  class space    used 89485K, capacity 91100K, committed 91520K, reserved 1048576K

